**********************
Windows PowerShell transcript start
Start time: 20181210104544
Username: MIA-CL1\Admin
RunAs User: MIA-CL1\Admin
Configuration Name: 
Machine: MIA-CL1 (Microsoft Windows NT 10.0.16299.0)
Host Application: C:\Windows\System32\WindowsPowerShell\v1.0\powershell_ise.exe
Process ID: 7952
PSVersion: 5.1.16299.15
PSEdition: Desktop
PSCompatibleVersions: 1.0, 2.0, 3.0, 4.0, 5.0, 5.1.16299.15
BuildVersion: 10.0.16299.15
CLRVersion: 4.0.30319.42000
WSManStackVersion: 3.0
PSRemotingProtocolVersion: 2.3
SerializationVersion: 1.1.0.1
**********************
Transcript started, output file is F:\Logs\New-20533EEnvironment-1.log

Now setting up Lab 1


Account          : tianguizheng@hotmail.com
SubscriptionName : Azure Pass - Sponsorship
SubscriptionId   : 63de1439-3a08-401e-982b-1aab7e53b55e
TenantId         : dc740503-b430-4418-9435-f2b3f9109ad4
Environment      : AzureCloud

[1] -  Free Trial - Id:  7b598ed0-08b3-4442-9d49-7da56ebea7f5
[2] -  Azure Pass - Sponsorship - Id:  63de1439-3a08-401e-982b-1aab7e53b55e


Using the subscription:  Azure Pass - Sponsorship  Id:  63de1439-3a08-401e-982b-1aab7e53b55e

Name               : [tianguizheng@hotmail.com, 63de1439-3a08-401e-982b-1aab7e53b55e]
Account            : tianguizheng@hotmail.com
Environment        : AzureCloud
Subscription       : 63de1439-3a08-401e-982b-1aab7e53b55e
Tenant             : dc740503-b430-4418-9435-f2b3f9109ad4
TokenCache         : Microsoft.Azure.Commands.Common.Authentication.AuthenticationStoreTokenCache
VersionProfile     :
ExtendedProperties : {}

1    eastasia
2    southeastasia
3    centralus
4    eastus
5    eastus2
6    westus
7    northcentralus
8    southcentralus
9    northeurope
10    westeurope
11    japanwest
12    japaneast
13    brazilsouth
14    australiaeast
15    australiasoutheast
16    southindia
17    centralindia
18    westindia
19    canadacentral
20    canadaeast
21    uksouth
22    ukwest
23    westcentralus
24    westus2
25    koreacentral
26    koreasouth
27    francecentral
28    francesouth
29    australiacentral
30    australiacentral2

Enter the number corresponding to the Azure region you want to use:
Your Azure region is:  eastus

Lab 1 setup is complete
Started at 12/10/2018 10:45:44
Ended at 12/10/2018 10:47:32

Total elapsed time is 1 minutes

**********************
Windows PowerShell transcript end
End time: 20181210104732
**********************
